<?xml version="1.0" encoding="UTF-8"?>
<!-- Generated by org.testng.reporters.JUnitXMLReporter -->
<testsuite hostname="dls210" ignored="1" name="Default test" tests="1" failures="0" timestamp="02 abr 2018 16:08:18 GMT" time="25.508" errors="0">
  <testcase name="validaOpcoesDoMenuProdutosPessoaFisica" time="25.469" classname="tests.ValidarMenusTest"/>
  <testcase name="validaOpcoesDoMenuParaVoce" time="0.0" classname="tests.ValidarMenusTest">
    <ignored/>
  </testcase> <!-- validaOpcoesDoMenuParaVoce -->
</testsuite> <!-- Default test -->
