<?xml version="1.0" encoding="UTF-8" ?>
<testsuite tests="10" failures="0" name="tests.RunTest" time="0.078" errors="2" skipped="8">
  <properties>
[...]
</properties>
  <testcase classname="Scenario: Receber Alerta de Cambio por email" name="Given O usuario esta na home" time="0.006">
    <error message="The path to the driver executable must be set by the webdriver.gecko.driver system property; for more information, see https://github.com/mozilla/geckodriver. The latest version can be downloaded from https://github.com/mozilla/geckodriver/releases" type="java.lang.IllegalStateException">java.lang.IllegalStateException: The path to the driver executable must be set by the webdriver.gecko.driver system property; for more information, see https://github.com/mozilla/geckodriver. The latest version can be downloaded from https://github.com/mozilla/geckodriver/releases
	at com.google.common.base.Preconditions.checkState(Preconditions.java:750)
	at org.openqa.selenium.remote.service.DriverService.findExecutable(DriverService.java:124)
	at org.openqa.selenium.firefox.GeckoDriverService.access$100(GeckoDriverService.java:41)
	at org.openqa.selenium.firefox.GeckoDriverService$Builder.findDefaultExecutable(GeckoDriverService.java:115)
	at org.openqa.selenium.remote.service.DriverService$Builder.build(DriverService.java:329)
	at org.openqa.selenium.firefox.FirefoxDriver.toExecutor(FirefoxDriver.java:207)
	at org.openqa.selenium.firefox.FirefoxDriver.&lt;init&gt;(FirefoxDriver.java:103)
	at org.openqa.selenium.firefox.FirefoxDriver.&lt;init&gt;(FirefoxDriver.java:99)
	at base.SetUp.SetUpTest(SetUp.java:19)
	at stepdefinition.ValidarMenusTest.o_usuario_esta_na_home(ValidarMenusTest.java:36)
	at ✽.Given O usuario esta na home(simuladorDeCambio.feature:12)
</error>
    <system-err>SLF4J: Failed to load class &quot;org.slf4j.impl.StaticLoggerBinder&quot;.
SLF4J: Defaulting to no-operation (NOP) logger implementation
SLF4J: See http://www.slf4j.org/codes.html#StaticLoggerBinder for further details.
</system-err>
  </testcase>
  <testcase classname="Scenario: Receber Alerta de Cambio por email" name="Scenario: Receber Alerta de Cambio por email" time="0.006">
    <error message="The path to the driver executable must be set by the webdriver.gecko.driver system property; for more information, see https://github.com/mozilla/geckodriver. The latest version can be downloaded from https://github.com/mozilla/geckodriver/releases" type="java.lang.IllegalStateException">java.lang.IllegalStateException: The path to the driver executable must be set by the webdriver.gecko.driver system property; for more information, see https://github.com/mozilla/geckodriver. The latest version can be downloaded from https://github.com/mozilla/geckodriver/releases
	at com.google.common.base.Preconditions.checkState(Preconditions.java:750)
	at org.openqa.selenium.remote.service.DriverService.findExecutable(DriverService.java:124)
	at org.openqa.selenium.firefox.GeckoDriverService.access$100(GeckoDriverService.java:41)
	at org.openqa.selenium.firefox.GeckoDriverService$Builder.findDefaultExecutable(GeckoDriverService.java:115)
	at org.openqa.selenium.remote.service.DriverService$Builder.build(DriverService.java:329)
	at org.openqa.selenium.firefox.FirefoxDriver.toExecutor(FirefoxDriver.java:207)
	at org.openqa.selenium.firefox.FirefoxDriver.&lt;init&gt;(FirefoxDriver.java:103)
	at org.openqa.selenium.firefox.FirefoxDriver.&lt;init&gt;(FirefoxDriver.java:99)
	at base.SetUp.SetUpTest(SetUp.java:19)
	at stepdefinition.ValidarMenusTest.o_usuario_esta_na_home(ValidarMenusTest.java:36)
	at ✽.Given O usuario esta na home(simuladorDeCambio.feature:12)
</error>
  </testcase>
  <testcase classname="Scenario: Receber Alerta de Cambio por email" name="When O usuario passar o mouse sobre o menu Para Você" time="0.007">
    <skipped/>
  </testcase>
  <testcase classname="Scenario: Receber Alerta de Cambio por email" name="When O usuario clicar no submenu Alerta de Cambio" time="0.007">
    <skipped/>
  </testcase>
  <testcase classname="Scenario: Receber Alerta de Cambio por email" name="When O usuario selecionar o serviço Moeda em Especie" time="0.007">
    <skipped/>
  </testcase>
  <testcase classname="Scenario: Receber Alerta de Cambio por email" name="When O usuario selecionar a moeda dolar" time="0.008">
    <skipped/>
  </testcase>
  <testcase classname="Scenario: Receber Alerta de Cambio por email" name="When O usuario selecionar receber todos os alertas" time="0.008">
    <skipped/>
  </testcase>
  <testcase classname="Scenario: Receber Alerta de Cambio por email" name="When O usuario digitar seu email" time="0.009">
    <skipped/>
  </testcase>
  <testcase classname="Scenario: Receber Alerta de Cambio por email" name="When O usuario clicar em cadastrar" time="0.01">
    <skipped/>
  </testcase>
  <testcase classname="Scenario: Receber Alerta de Cambio por email" name="Then Um alerta com a mensagem Alerta salvo com sucesso! deve ser exibido" time="0.01">
    <skipped/>
  </testcase>
</testsuite>