<?xml version="1.0" encoding="UTF-8"?>
<testng-results skipped="0" failed="0" ignored="1" total="2" passed="1">
  <reporter-output>
  </reporter-output>
  <suite name="Default suite" duration-ms="25508" started-at="2018-04-02T16:07:53Z" finished-at="2018-04-02T16:08:18Z">
    <groups>
    </groups>
    <test name="Default test" duration-ms="25508" started-at="2018-04-02T16:07:53Z" finished-at="2018-04-02T16:08:18Z">
      <class name="tests.ValidarMenusTest">
        <test-method status="PASS" signature="validaOpcoesDoMenuProdutosPessoaFisica()[pri:0, instance:tests.ValidarMenusTest@a38d7a3]" name="validaOpcoesDoMenuProdutosPessoaFisica" duration-ms="25469" started-at="2018-04-02T16:07:53Z" finished-at="2018-04-02T16:08:18Z">
          <reporter-output>
          </reporter-output>
        </test-method> <!-- validaOpcoesDoMenuProdutosPessoaFisica -->
      </class> <!-- tests.ValidarMenusTest -->
    </test> <!-- Default test -->
  </suite> <!-- Default suite -->
</testng-results>
